<?xml version="1.0" encoding="UTF-8"?>
<!-- Generated by org.testng.reporters.JUnitReportReporter -->
<testsuite skipped="0" hostname="nikhil-VAIO" name="Academy.ValidateNavbar" tests="1" failures="0" timestamp="2020-01-05T01:17:53 IST" time="0.572" errors="0">
  <testcase name="basePageNavigation" time="0.572" classname="Academy.ValidateNavbar"/>
</testsuite> <!-- Academy.ValidateNavbar -->
