<?xml version="1.0" encoding="UTF-8"?>
<!-- Generated by org.testng.reporters.JUnitReportReporter -->
<testsuite skipped="0" hostname="nikhil-VAIO" name="Academy.HomePage" tests="2" failures="0" timestamp="2020-01-05T01:17:53 IST" time="11.913" errors="0">
  <testcase name="basePageNavigation" time="5.295" classname="Academy.HomePage"/>
  <testcase name="basePageNavigation" time="6.618" classname="Academy.HomePage"/>
</testsuite> <!-- Academy.HomePage -->
