<?xml version="1.0" encoding="UTF-8"?>
<!-- Generated by org.testng.reporters.JUnitReportReporter -->
<testsuite hostname="nikhil-VAIO" failures="0" tests="1" name="Academy.ValidateNavbar" time="0.130" errors="0" timestamp="2020-01-05T00:16:17 IST" skipped="0">
  <testcase classname="Academy.ValidateNavbar" name="basePageNavigation" time="0.130"/>
</testsuite> <!-- Academy.ValidateNavbar -->
