<?xml version="1.0" encoding="UTF-8"?>
<!-- Generated by org.testng.reporters.JUnitReportReporter -->
<testsuite hostname="nikhil-VAIO" failures="0" tests="2" name="Academy.HomePage" time="4.768" errors="0" timestamp="2020-01-05T00:16:17 IST" skipped="0">
  <testcase classname="Academy.HomePage" name="basePageNavigation" time="2.868"/>
  <testcase classname="Academy.HomePage" name="basePageNavigation" time="1.900"/>
</testsuite> <!-- Academy.HomePage -->
